2023-08-23 11:29:28,637 INFO notifyConnectTimeout:200

2023-08-23 11:29:28,640 INFO notifySocketTimeout:8000

2023-08-23 11:29:28,640 INFO isHealthCheck:true

2023-08-23 11:29:28,640 INFO maxHealthCheckFailCount:12

2023-08-23 11:29:28,640 INFO maxContent:10485760

2023-08-23 11:29:31,148 INFO use local db service for init

2023-08-23 11:29:31,561 WARN Lexical error at line 4, column 66.  Encountered: <EOF> after : "".

2023-08-23 11:29:31,566 WARN Syntax error: Encountered "*" at line 1, column 1.

2023-08-23 11:29:31,617 WARN Table/View 'CONFIG_INFO' already exists in Schema 'NACOS'.

2023-08-23 11:29:31,670 WARN Table/View 'HIS_CONFIG_INFO' already exists in Schema 'NACOS'.

2023-08-23 11:29:31,687 WARN Table/View 'CONFIG_INFO_BETA' already exists in Schema 'NACOS'.

2023-08-23 11:29:31,695 WARN Table/View 'CONFIG_INFO_TAG' already exists in Schema 'NACOS'.

2023-08-23 11:29:31,704 WARN Table/View 'CONFIG_INFO_AGGR' already exists in Schema 'NACOS'.

2023-08-23 11:29:31,713 WARN Table/View 'APP_LIST' already exists in Schema 'NACOS'.

2023-08-23 11:29:31,721 WARN Table/View 'APP_CONFIGDATA_RELATION_SUBS' already exists in Schema 'NACOS'.

2023-08-23 11:29:31,728 WARN Table/View 'APP_CONFIGDATA_RELATION_PUBS' already exists in Schema 'NACOS'.

2023-08-23 11:29:31,738 WARN Table/View 'CONFIG_TAGS_RELATION' already exists in Schema 'NACOS'.

2023-08-23 11:29:31,752 WARN Table/View 'GROUP_CAPACITY' already exists in Schema 'NACOS'.

2023-08-23 11:29:31,761 WARN Table/View 'TENANT_CAPACITY' already exists in Schema 'NACOS'.

2023-08-23 11:29:31,767 WARN Table/View 'TENANT_INFO' already exists in Schema 'NACOS'.

2023-08-23 11:29:31,776 WARN Table/View 'USERS' already exists in Schema 'NACOS'.

2023-08-23 11:29:31,784 WARN Table/View 'ROLES' already exists in Schema 'NACOS'.

2023-08-23 11:29:31,791 WARN Table/View 'PERMISSIONS' already exists in Schema 'NACOS'.

2023-08-23 11:29:31,855 WARN The statement was aborted because it would have caused a duplicate key value in a unique or primary key constraint or unique index identified by 'SQL230816095933804' defined on 'USERS'.

2023-08-23 11:29:31,866 WARN The statement was aborted because it would have caused a duplicate key value in a unique or primary key constraint or unique index identified by 'UK_USERNAME_ROLE' defined on 'ROLES'.

2023-08-23 11:29:31,867 WARN Lexical error at line 4, column 13.  Encountered: "`" (96), after : "".

2023-08-23 11:29:31,867 WARN Lexical error at line 1, column 13.  Encountered: "`" (96), after : "".

2023-08-23 11:29:31,867 WARN Lexical error at line 1, column 13.  Encountered: "`" (96), after : "".

2023-08-23 11:29:31,867 WARN Lexical error at line 1, column 13.  Encountered: "`" (96), after : "".

2023-08-23 11:29:31,867 INFO use StandaloneDatabaseOperateImpl

2023-08-23 11:29:32,760 WARN DumpService start

2023-08-23 11:29:32,761 INFO start clear all config-info.

2023-08-23 11:29:32,762 WARN clear all config-info failed.

2023-08-23 11:29:32,762 WARN clear all config-info-tenant failed.

2023-08-23 11:29:32,945 INFO [all-dump] 666652302272114688 / 666652302272114688

2023-08-23 11:29:32,945 INFO start clear all config-info-beta.

2023-08-23 11:29:32,945 WARN clear all config-info-beta failed.

2023-08-23 11:29:32,945 WARN clear all config-info-beta-tenant failed.

2023-08-23 11:29:32,960 INFO start clear all config-info-tag.

2023-08-23 11:29:32,960 WARN clear all config-info-tag failed.

2023-08-23 11:29:32,960 WARN clear all config-info-tag-tenant failed.

