2023-08-18 16:52:07,805 INFO raft peers changed: [Member{ip='192.168.137.52', port=8848, state=UP, extendInfo={raftPort=7848}}]

2023-08-18 16:52:07,821 INFO initializing Raft sub-system

2023-08-18 16:52:07,898 INFO finish loading all datums, size: 4 cost 77 ms.

2023-08-18 16:52:07,899 INFO cache loaded, datum count: 4, current term: 0

2023-08-18 16:52:07,899 INFO finish to load data from disk, cost: 78 ms.

2023-08-18 16:52:07,901 INFO timer started: leader timeout ms: 15000, heart-beat timeout ms: 5000

2023-08-18 16:52:08,116 INFO add listener: com.alibaba.nacos.naming.domains.meta.00-00---000-NACOS_SWITCH_DOMAIN-000---00-00

2023-08-18 16:52:08,128 INFO add listener: com.alibaba.nacos.naming.domains.meta.

2023-08-18 16:52:08,128 INFO [RAFT-NOTIFIER] datum is changed, key: com.alibaba.nacos.naming.domains.meta.public##DEFAULT_GROUP@@borrowservice, value: Service{name='DEFAULT_GROUP@@borrowservice', protectThreshold=0.0, appName='null', groupName='DEFAULT_GROUP', metadata={}}

2023-08-18 16:52:08,165 INFO add listener: com.alibaba.nacos.naming.iplist.public##DEFAULT_GROUP@@borrowservice

2023-08-18 16:52:08,191 INFO [RAFT-NOTIFIER] datum is changed, key: com.alibaba.nacos.naming.domains.meta.dd668135-0bfe-489f-ab2b-24aefb21d156##DEFAULT_GROUP@@borrowservice, value: Service{name='DEFAULT_GROUP@@borrowservice', protectThreshold=0.0, appName='null', groupName='DEFAULT_GROUP', metadata={}}

2023-08-18 16:52:08,191 INFO add listener: com.alibaba.nacos.naming.iplist.dd668135-0bfe-489f-ab2b-24aefb21d156##DEFAULT_GROUP@@borrowservice

2023-08-18 16:52:08,826 INFO [RAFT-NOTIFIER] datum is changed, key: com.alibaba.nacos.naming.domains.meta.dd668135-0bfe-489f-ab2b-24aefb21d156##DEFAULT_GROUP@@borrowservice, value: Service{name='DEFAULT_GROUP@@borrowservice', protectThreshold=0.0, appName='null', groupName='DEFAULT_GROUP', metadata={}}

2023-08-18 16:52:08,827 INFO add listener: com.alibaba.nacos.naming.iplist.dd668135-0bfe-489f-ab2b-24aefb21d156##DEFAULT_GROUP@@borrowservice

2023-08-18 16:52:08,828 INFO [RAFT-NOTIFIER] datum is changed, key: com.alibaba.nacos.naming.domains.meta.public##DEFAULT_GROUP@@borrowservice, value: Service{name='DEFAULT_GROUP@@borrowservice', protectThreshold=0.0, appName='null', groupName='DEFAULT_GROUP', metadata={}}

2023-08-18 16:52:08,828 INFO add listener: com.alibaba.nacos.naming.iplist.public##DEFAULT_GROUP@@borrowservice

2023-08-18 16:52:12,798 WARN start to close old raft protocol!!!

2023-08-18 16:52:12,798 WARN stop old raft protocol task for notifier

2023-08-18 16:52:12,798 WARN stop old raft protocol task for master task

2023-08-18 16:52:12,798 WARN stop old raft protocol task for heartbeat task

2023-08-18 16:52:12,798 WARN clean old cache datum for old raft

2023-08-18 16:52:12,799 WARN start to close old raft protocol!!!

2023-08-18 16:52:12,800 WARN stop old raft protocol task for notifier

2023-08-18 16:52:12,801 WARN stop old raft protocol task for master task

2023-08-18 16:52:12,801 WARN stop old raft protocol task for heartbeat task

2023-08-18 16:52:12,801 WARN clean old cache datum for old raft

2023-08-18 16:52:12,801 WARN start to move old raft protocol metadata

2023-08-18 16:52:12,820 WARN start to move old raft protocol metadata

2023-08-18 16:52:12,821 INFO raft peers changed: [Member{ip='192.168.137.52', port=8848, state=UP, extendInfo={lastRefreshTime=1692348732820, raftPort=7848, version=1.4.6}}]

2023-08-18 16:53:22,126 INFO add listener: com.alibaba.nacos.naming.iplist.dd668135-0bfe-489f-ab2b-24aefb21d156##DEFAULT_GROUP@@bookservice

2023-08-18 16:53:24,662 INFO add listener: com.alibaba.nacos.naming.iplist.dd668135-0bfe-489f-ab2b-24aefb21d156##DEFAULT_GROUP@@userservice

2023-08-18 17:28:28,021 INFO [RAFT-NOTIFIER] datum is deleted, key: com.alibaba.nacos.naming.domains.meta.dd668135-0bfe-489f-ab2b-24aefb21d156##DEFAULT_GROUP@@bookservice

2023-08-18 17:28:28,022 INFO [RAFT-NOTIFIER] datum is deleted, key: com.alibaba.nacos.naming.domains.meta.dd668135-0bfe-489f-ab2b-24aefb21d156##DEFAULT_GROUP@@userservice

2023-08-18 17:37:33,970 INFO add listener: com.alibaba.nacos.naming.iplist.dd668135-0bfe-489f-ab2b-24aefb21d156##DEFAULT_GROUP@@bookservice

2023-08-18 17:37:36,944 INFO add listener: com.alibaba.nacos.naming.iplist.dd668135-0bfe-489f-ab2b-24aefb21d156##DEFAULT_GROUP@@userservice

2023-08-18 17:51:18,095 INFO raft peers changed: [Member{ip='172.20.10.3', port=8848, state=UP, extendInfo={raftPort=7848}}]

2023-08-18 17:51:18,105 INFO initializing Raft sub-system

2023-08-18 17:51:18,185 INFO finish loading all datums, size: 4 cost 80 ms.

2023-08-18 17:51:18,186 INFO cache loaded, datum count: 4, current term: 0

2023-08-18 17:51:18,186 INFO finish to load data from disk, cost: 81 ms.

2023-08-18 17:51:18,188 INFO timer started: leader timeout ms: 15000, heart-beat timeout ms: 5000

2023-08-18 17:51:18,369 INFO add listener: com.alibaba.nacos.naming.domains.meta.00-00---000-NACOS_SWITCH_DOMAIN-000---00-00

2023-08-18 17:51:18,376 INFO add listener: com.alibaba.nacos.naming.domains.meta.

2023-08-18 17:51:18,376 INFO [RAFT-NOTIFIER] datum is changed, key: com.alibaba.nacos.naming.domains.meta.public##DEFAULT_GROUP@@borrowservice, value: Service{name='DEFAULT_GROUP@@borrowservice', protectThreshold=0.0, appName='null', groupName='DEFAULT_GROUP', metadata={}}

2023-08-18 17:51:18,417 INFO add listener: com.alibaba.nacos.naming.iplist.public##DEFAULT_GROUP@@borrowservice

2023-08-18 17:51:18,444 INFO [RAFT-NOTIFIER] datum is changed, key: com.alibaba.nacos.naming.domains.meta.dd668135-0bfe-489f-ab2b-24aefb21d156##DEFAULT_GROUP@@borrowservice, value: Service{name='DEFAULT_GROUP@@borrowservice', protectThreshold=0.0, appName='null', groupName='DEFAULT_GROUP', metadata={}}

2023-08-18 17:51:18,444 INFO add listener: com.alibaba.nacos.naming.iplist.dd668135-0bfe-489f-ab2b-24aefb21d156##DEFAULT_GROUP@@borrowservice

2023-08-18 17:51:19,113 INFO [RAFT-NOTIFIER] datum is changed, key: com.alibaba.nacos.naming.domains.meta.dd668135-0bfe-489f-ab2b-24aefb21d156##DEFAULT_GROUP@@borrowservice, value: Service{name='DEFAULT_GROUP@@borrowservice', protectThreshold=0.0, appName='null', groupName='DEFAULT_GROUP', metadata={}}

2023-08-18 17:51:19,114 INFO add listener: com.alibaba.nacos.naming.iplist.dd668135-0bfe-489f-ab2b-24aefb21d156##DEFAULT_GROUP@@borrowservice

2023-08-18 17:51:19,115 INFO [RAFT-NOTIFIER] datum is changed, key: com.alibaba.nacos.naming.domains.meta.public##DEFAULT_GROUP@@borrowservice, value: Service{name='DEFAULT_GROUP@@borrowservice', protectThreshold=0.0, appName='null', groupName='DEFAULT_GROUP', metadata={}}

2023-08-18 17:51:19,116 INFO add listener: com.alibaba.nacos.naming.iplist.public##DEFAULT_GROUP@@borrowservice

2023-08-18 17:51:23,094 WARN start to close old raft protocol!!!

2023-08-18 17:51:23,094 WARN stop old raft protocol task for notifier

2023-08-18 17:51:23,094 WARN stop old raft protocol task for master task

2023-08-18 17:51:23,094 WARN stop old raft protocol task for heartbeat task

2023-08-18 17:51:23,094 WARN clean old cache datum for old raft

2023-08-18 17:51:23,094 WARN start to close old raft protocol!!!

2023-08-18 17:51:23,094 WARN stop old raft protocol task for notifier

2023-08-18 17:51:23,094 WARN stop old raft protocol task for master task

2023-08-18 17:51:23,094 WARN stop old raft protocol task for heartbeat task

2023-08-18 17:51:23,094 WARN clean old cache datum for old raft

2023-08-18 17:51:23,094 WARN start to move old raft protocol metadata

2023-08-18 17:51:23,095 WARN start to move old raft protocol metadata

2023-08-18 17:51:23,095 INFO raft peers changed: [Member{ip='172.20.10.3', port=8848, state=UP, extendInfo={lastRefreshTime=1692352283095, raftPort=7848, version=1.4.6}}]

2023-08-18 17:51:47,399 INFO add listener: com.alibaba.nacos.naming.iplist.dd668135-0bfe-489f-ab2b-24aefb21d156##DEFAULT_GROUP@@bookservice

2023-08-18 17:51:47,399 INFO add listener: com.alibaba.nacos.naming.iplist.dd668135-0bfe-489f-ab2b-24aefb21d156##DEFAULT_GROUP@@bookservice

2023-08-18 17:51:48,441 INFO add listener: com.alibaba.nacos.naming.iplist.dd668135-0bfe-489f-ab2b-24aefb21d156##DEFAULT_GROUP@@userservice

2023-08-18 18:21:29,614 INFO [RAFT-NOTIFIER] datum is deleted, key: com.alibaba.nacos.naming.domains.meta.dd668135-0bfe-489f-ab2b-24aefb21d156##DEFAULT_GROUP@@bookservice

2023-08-18 18:21:29,616 INFO [RAFT-NOTIFIER] datum is deleted, key: com.alibaba.nacos.naming.domains.meta.dd668135-0bfe-489f-ab2b-24aefb21d156##DEFAULT_GROUP@@userservice

2023-08-18 23:15:05,600 INFO add listener: com.alibaba.nacos.naming.iplist.public##DEFAULT_GROUP@@bookservice

2023-08-18 23:15:07,008 INFO add listener: com.alibaba.nacos.naming.iplist.public##DEFAULT_GROUP@@userservice

2023-08-18 23:16:37,348 INFO add listener: com.alibaba.nacos.naming.iplist.c0495138-b5b3-440d-8f1c-dc8cc9ba5fbc##SEATA_GROUP@@seata-server

2023-08-18 23:21:26,119 INFO raft peers changed: [Member{ip='192.168.124.5', port=8848, state=UP, extendInfo={raftPort=7848}}]

2023-08-18 23:21:26,129 INFO initializing Raft sub-system

2023-08-18 23:21:26,218 INFO finish loading all datums, size: 4 cost 89 ms.

2023-08-18 23:21:26,220 INFO cache loaded, datum count: 4, current term: 0

2023-08-18 23:21:26,220 INFO finish to load data from disk, cost: 91 ms.

2023-08-18 23:21:26,222 INFO timer started: leader timeout ms: 15000, heart-beat timeout ms: 5000

2023-08-18 23:21:26,404 INFO add listener: com.alibaba.nacos.naming.domains.meta.00-00---000-NACOS_SWITCH_DOMAIN-000---00-00

2023-08-18 23:21:26,412 INFO add listener: com.alibaba.nacos.naming.domains.meta.

2023-08-18 23:21:26,412 INFO [RAFT-NOTIFIER] datum is changed, key: com.alibaba.nacos.naming.domains.meta.public##DEFAULT_GROUP@@borrowservice, value: Service{name='DEFAULT_GROUP@@borrowservice', protectThreshold=0.0, appName='null', groupName='DEFAULT_GROUP', metadata={}}

2023-08-18 23:21:26,442 INFO add listener: com.alibaba.nacos.naming.iplist.public##DEFAULT_GROUP@@borrowservice

2023-08-18 23:21:26,469 INFO [RAFT-NOTIFIER] datum is changed, key: com.alibaba.nacos.naming.domains.meta.dd668135-0bfe-489f-ab2b-24aefb21d156##DEFAULT_GROUP@@borrowservice, value: Service{name='DEFAULT_GROUP@@borrowservice', protectThreshold=0.0, appName='null', groupName='DEFAULT_GROUP', metadata={}}

2023-08-18 23:21:26,469 INFO add listener: com.alibaba.nacos.naming.iplist.dd668135-0bfe-489f-ab2b-24aefb21d156##DEFAULT_GROUP@@borrowservice

2023-08-18 23:21:27,134 INFO [RAFT-NOTIFIER] datum is changed, key: com.alibaba.nacos.naming.domains.meta.dd668135-0bfe-489f-ab2b-24aefb21d156##DEFAULT_GROUP@@borrowservice, value: Service{name='DEFAULT_GROUP@@borrowservice', protectThreshold=0.0, appName='null', groupName='DEFAULT_GROUP', metadata={}}

2023-08-18 23:21:27,135 INFO add listener: com.alibaba.nacos.naming.iplist.dd668135-0bfe-489f-ab2b-24aefb21d156##DEFAULT_GROUP@@borrowservice

2023-08-18 23:21:27,136 INFO [RAFT-NOTIFIER] datum is changed, key: com.alibaba.nacos.naming.domains.meta.public##DEFAULT_GROUP@@borrowservice, value: Service{name='DEFAULT_GROUP@@borrowservice', protectThreshold=0.0, appName='null', groupName='DEFAULT_GROUP', metadata={}}

2023-08-18 23:21:27,136 INFO add listener: com.alibaba.nacos.naming.iplist.public##DEFAULT_GROUP@@borrowservice

2023-08-18 23:21:29,224 INFO leader timeout, start voting,leader: {"ip":"192.168.124.5:8848","term":0,"leaderDueMs":18166,"heartbeatDueMs":5000,"state":"FOLLOWER"}, term: 0

2023-08-18 23:21:31,117 WARN start to close old raft protocol!!!

2023-08-18 23:21:31,117 WARN stop old raft protocol task for notifier

2023-08-18 23:21:31,117 WARN stop old raft protocol task for master task

2023-08-18 23:21:31,117 WARN stop old raft protocol task for heartbeat task

2023-08-18 23:21:31,117 WARN clean old cache datum for old raft

2023-08-18 23:21:31,117 WARN start to close old raft protocol!!!

2023-08-18 23:21:31,117 WARN stop old raft protocol task for notifier

2023-08-18 23:21:31,117 WARN stop old raft protocol task for master task

2023-08-18 23:21:31,117 WARN stop old raft protocol task for heartbeat task

2023-08-18 23:21:31,117 WARN clean old cache datum for old raft

2023-08-18 23:21:31,117 WARN start to move old raft protocol metadata

2023-08-18 23:21:31,119 WARN start to move old raft protocol metadata

2023-08-18 23:21:31,119 INFO raft peers changed: [Member{ip='192.168.124.5', port=8848, state=UP, extendInfo={lastRefreshTime=1692372091119, raftPort=7848, version=1.4.6}}]

2023-08-18 23:21:35,625 INFO add listener: com.alibaba.nacos.naming.iplist.c0495138-b5b3-440d-8f1c-dc8cc9ba5fbc##SEATA_GROUP@@seata-server

2023-08-18 23:21:50,098 INFO add listener: com.alibaba.nacos.naming.iplist.public##DEFAULT_GROUP@@bookservice

2023-08-18 23:21:51,879 INFO add listener: com.alibaba.nacos.naming.iplist.public##DEFAULT_GROUP@@userservice

