2023-08-18 07:52:20,933 INFO PERFORMANCE:|4|9|6|5

2023-08-18 08:47:45,483 INFO PERFORMANCE:|4|9|-1|-1

2023-08-18 08:52:45,488 INFO PERFORMANCE:|4|9|-1|-1

2023-08-18 08:57:45,460 INFO PERFORMANCE:|4|9|-1|-1

2023-08-18 09:02:45,464 INFO PERFORMANCE:|4|9|-1|-1

2023-08-18 09:07:45,464 INFO PERFORMANCE:|4|9|-1|-1

2023-08-18 09:12:45,428 INFO PERFORMANCE:|4|9|-1|-1

2023-08-18 09:17:45,426 INFO PERFORMANCE:|4|9|-1|-1

2023-08-18 09:22:45,424 INFO PERFORMANCE:|4|9|-1|-1

2023-08-18 09:27:45,440 INFO PERFORMANCE:|4|9|-1|-1

2023-08-18 09:32:45,441 INFO PERFORMANCE:|4|9|-1|-1

2023-08-18 09:37:45,443 INFO PERFORMANCE:|4|9|-1|-1

2023-08-18 09:42:45,454 INFO PERFORMANCE:|4|9|-1|-1

2023-08-18 09:47:45,455 INFO PERFORMANCE:|4|9|-1|-1

2023-08-18 09:52:45,458 INFO PERFORMANCE:|4|9|-1|-1

2023-08-18 09:57:45,494 INFO PERFORMANCE:|4|9|-1|-1

2023-08-18 10:02:45,503 INFO PERFORMANCE:|4|9|-1|-1

2023-08-18 10:07:45,508 INFO PERFORMANCE:|4|9|-1|-1

2023-08-18 10:12:45,509 INFO PERFORMANCE:|4|9|-1|-1

2023-08-18 10:17:45,489 INFO PERFORMANCE:|4|9|-1|-1

2023-08-18 10:22:45,491 INFO PERFORMANCE:|4|9|-1|-1

2023-08-18 10:27:45,495 INFO PERFORMANCE:|4|9|-1|-1

2023-08-18 10:32:45,537 INFO PERFORMANCE:|4|9|-1|-1

2023-08-18 10:37:45,542 INFO PERFORMANCE:|4|9|-1|-1

2023-08-18 10:42:45,545 INFO PERFORMANCE:|4|9|-1|-1

2023-08-18 10:47:45,539 INFO PERFORMANCE:|4|9|-1|-1

2023-08-18 10:52:45,541 INFO PERFORMANCE:|4|9|-1|-1

2023-08-18 10:57:45,545 INFO PERFORMANCE:|4|9|-1|-1

2023-08-18 11:02:45,578 INFO PERFORMANCE:|4|9|-1|-1

2023-08-18 11:07:45,586 INFO PERFORMANCE:|4|9|-1|-1

2023-08-18 11:12:45,592 INFO PERFORMANCE:|4|9|-1|-1

2023-08-18 11:17:45,566 INFO PERFORMANCE:|4|9|-1|-1

2023-08-18 11:22:45,570 INFO PERFORMANCE:|4|9|-1|-1

2023-08-18 11:27:45,576 INFO PERFORMANCE:|4|9|-1|-1

2023-08-18 11:32:45,609 INFO PERFORMANCE:|4|9|-1|-1

2023-08-18 11:37:45,616 INFO PERFORMANCE:|4|9|-1|-1

2023-08-18 11:42:45,622 INFO PERFORMANCE:|4|9|-1|-1

2023-08-18 12:09:57,507 INFO PERFORMANCE:|4|9|-1|-1

2023-08-18 12:14:57,515 INFO PERFORMANCE:|4|9|-1|-1

2023-08-18 12:19:57,518 INFO PERFORMANCE:|4|9|-1|-1

2023-08-18 12:24:57,520 INFO PERFORMANCE:|4|9|-1|-1

2023-08-18 12:29:57,526 INFO PERFORMANCE:|4|9|-1|-1

2023-08-18 12:34:57,529 INFO PERFORMANCE:|4|9|-1|-1

2023-08-18 12:39:57,539 INFO PERFORMANCE:|4|9|-1|-1

2023-08-18 12:44:57,543 INFO PERFORMANCE:|4|9|-1|-1

2023-08-18 12:49:57,593 INFO PERFORMANCE:|4|9|-1|-1

2023-08-18 12:54:57,596 INFO PERFORMANCE:|4|9|-1|-1

2023-08-18 12:59:57,599 INFO PERFORMANCE:|4|9|-1|-1

2023-08-18 13:04:57,589 INFO PERFORMANCE:|4|9|-1|-1

2023-08-18 13:09:57,594 INFO PERFORMANCE:|4|9|-1|-1

2023-08-18 13:14:57,597 INFO PERFORMANCE:|4|9|-1|-1

2023-08-18 13:19:57,616 INFO PERFORMANCE:|4|9|-1|-1

2023-08-18 13:38:38,263 INFO PERFORMANCE:|4|9|-1|-1

2023-08-18 13:43:38,267 INFO PERFORMANCE:|4|9|-1|-1

2023-08-18 13:48:38,273 INFO PERFORMANCE:|4|9|-1|-1

2023-08-18 13:53:38,257 INFO PERFORMANCE:|4|9|-1|-1

2023-08-18 13:58:38,249 INFO PERFORMANCE:|4|9|-1|-1

2023-08-18 14:03:38,248 INFO PERFORMANCE:|4|9|-1|-1

2023-08-18 14:08:38,265 INFO PERFORMANCE:|4|9|-1|-1

2023-08-18 14:13:38,275 INFO PERFORMANCE:|4|9|-1|-1

2023-08-18 16:52:38,433 INFO PERFORMANCE:|2|5|-1|-1

2023-08-18 16:57:38,439 INFO PERFORMANCE:|4|9|-1|-1

2023-08-18 17:02:38,393 INFO PERFORMANCE:|4|9|-1|-1

2023-08-18 17:07:38,395 INFO PERFORMANCE:|4|9|-1|-1

2023-08-18 17:12:38,394 INFO PERFORMANCE:|4|9|-1|-1

2023-08-18 17:17:38,395 INFO PERFORMANCE:|4|9|-1|-1

2023-08-18 17:22:38,350 INFO PERFORMANCE:|4|9|-1|-1

2023-08-18 17:27:38,349 INFO PERFORMANCE:|4|5|-1|-1

2023-08-18 17:32:38,349 INFO PERFORMANCE:|2|5|-1|-1

2023-08-18 17:37:38,352 INFO PERFORMANCE:|4|9|15|9

2023-08-18 17:42:38,351 INFO PERFORMANCE:|4|10|-1|-1

2023-08-18 17:47:38,358 INFO PERFORMANCE:|4|9|-1|-1

2023-08-18 17:51:48,657 INFO PERFORMANCE:|4|8|5|4

2023-08-18 17:56:48,653 INFO PERFORMANCE:|4|9|-1|-1

2023-08-18 18:01:48,653 INFO PERFORMANCE:|4|5|-1|-1

2023-08-18 20:52:39,372 INFO PERFORMANCE:|2|5|-1|-1

2023-08-18 20:57:39,379 INFO PERFORMANCE:|2|5|-1|-1

2023-08-18 21:02:39,389 INFO PERFORMANCE:|2|5|-1|-1

2023-08-18 21:07:39,380 INFO PERFORMANCE:|2|5|-1|-1

2023-08-18 21:12:39,389 INFO PERFORMANCE:|2|5|-1|-1

2023-08-18 21:17:39,393 INFO PERFORMANCE:|2|5|-1|-1

2023-08-18 21:22:39,408 INFO PERFORMANCE:|2|5|-1|-1

2023-08-18 21:27:39,414 INFO PERFORMANCE:|2|5|-1|-1

2023-08-18 21:32:39,426 INFO PERFORMANCE:|2|5|-1|-1

2023-08-18 21:37:39,438 INFO PERFORMANCE:|2|5|-1|-1

2023-08-18 21:42:39,443 INFO PERFORMANCE:|2|5|-1|-1

2023-08-18 21:47:39,447 INFO PERFORMANCE:|2|5|-1|-1

2023-08-18 21:52:39,432 INFO PERFORMANCE:|2|5|-1|-1

2023-08-18 21:57:39,442 INFO PERFORMANCE:|2|5|-1|-1

2023-08-18 22:02:39,449 INFO PERFORMANCE:|2|5|-1|-1

2023-08-18 22:07:39,434 INFO PERFORMANCE:|2|5|-1|-1

2023-08-18 22:12:39,444 INFO PERFORMANCE:|2|5|-1|-1

2023-08-18 22:17:39,450 INFO PERFORMANCE:|2|5|-1|-1

2023-08-18 22:22:39,475 INFO PERFORMANCE:|2|5|-1|-1

2023-08-18 22:27:39,480 INFO PERFORMANCE:|2|5|-1|-1

2023-08-18 22:32:39,482 INFO PERFORMANCE:|2|5|-1|-1

2023-08-18 22:37:39,472 INFO PERFORMANCE:|2|5|-1|-1

2023-08-18 22:42:39,478 INFO PERFORMANCE:|2|5|-1|-1

2023-08-18 22:47:39,483 INFO PERFORMANCE:|2|5|-1|-1

2023-08-18 22:52:39,482 INFO PERFORMANCE:|2|5|-1|-1

2023-08-18 22:57:39,482 INFO PERFORMANCE:|2|5|-1|-1

2023-08-18 23:02:39,487 INFO PERFORMANCE:|2|5|-1|-1

2023-08-18 23:07:39,491 INFO PERFORMANCE:|2|5|-1|-1

2023-08-18 23:12:39,506 INFO PERFORMANCE:|2|5|-1|-1

2023-08-18 23:17:39,511 INFO PERFORMANCE:|5|11|-1|-1

2023-08-18 23:21:56,588 INFO PERFORMANCE:|5|11|9|6

2023-08-18 23:26:56,603 INFO PERFORMANCE:|5|11|-1|-1

2023-08-18 23:31:56,605 INFO PERFORMANCE:|5|11|-1|-1

2023-08-18 23:36:56,610 INFO PERFORMANCE:|5|11|7|5

2023-08-18 23:41:56,630 INFO PERFORMANCE:|5|11|-1|-1

2023-08-21 11:20:53,291 INFO PERFORMANCE:|2|6|-1|-1

2023-08-21 11:25:53,300 INFO PERFORMANCE:|2|6|-1|-1

2023-08-21 11:30:53,304 INFO PERFORMANCE:|2|6|-1|-1

2023-08-21 11:35:53,272 INFO PERFORMANCE:|2|6|-1|-1

2023-08-21 11:40:53,271 INFO PERFORMANCE:|2|6|-1|-1

2023-08-21 11:45:53,273 INFO PERFORMANCE:|2|6|-1|-1

2023-08-21 11:50:53,301 INFO PERFORMANCE:|2|6|-1|-1

2023-08-21 11:55:53,312 INFO PERFORMANCE:|2|6|-1|-1

2023-08-21 12:00:53,316 INFO PERFORMANCE:|2|6|-1|-1

2023-08-21 12:05:53,329 INFO PERFORMANCE:|2|6|-1|-1

2023-08-21 12:10:53,342 INFO PERFORMANCE:|2|6|-1|-1

2023-08-21 12:15:53,348 INFO PERFORMANCE:|2|6|-1|-1

2023-08-21 12:20:53,355 INFO PERFORMANCE:|2|6|-1|-1

2023-08-21 12:25:53,382 INFO PERFORMANCE:|2|6|-1|-1

2023-08-21 12:30:53,394 INFO PERFORMANCE:|2|6|-1|-1

2023-08-21 12:35:53,407 INFO PERFORMANCE:|2|6|-1|-1

2023-08-21 12:40:53,372 INFO PERFORMANCE:|2|6|-1|-1

2023-08-21 12:45:53,382 INFO PERFORMANCE:|2|6|-1|-1

2023-08-21 12:50:53,392 INFO PERFORMANCE:|2|6|-1|-1

2023-08-21 12:55:53,421 INFO PERFORMANCE:|2|6|-1|-1

2023-08-21 13:00:53,430 INFO PERFORMANCE:|2|6|-1|-1

2023-08-21 13:05:53,441 INFO PERFORMANCE:|2|6|-1|-1

2023-08-21 13:10:53,368 INFO PERFORMANCE:|2|6|-1|-1

2023-08-21 13:15:53,375 INFO PERFORMANCE:|2|6|-1|-1

2023-08-21 13:20:53,380 INFO PERFORMANCE:|2|6|-1|-1

2023-08-21 13:25:53,424 INFO PERFORMANCE:|2|6|-1|-1

2023-08-21 13:30:53,428 INFO PERFORMANCE:|2|6|-1|-1

2023-08-21 13:35:53,435 INFO PERFORMANCE:|2|6|-1|-1

2023-08-21 13:40:53,445 INFO PERFORMANCE:|2|6|-1|-1

2023-08-21 13:45:53,449 INFO PERFORMANCE:|2|6|-1|-1

2023-08-21 13:50:53,457 INFO PERFORMANCE:|2|6|-1|-1

2023-08-21 13:55:53,467 INFO PERFORMANCE:|2|6|-1|-1

2023-08-21 14:00:53,469 INFO PERFORMANCE:|2|6|-1|-1

2023-08-21 14:05:53,471 INFO PERFORMANCE:|2|6|-1|-1

2023-08-21 14:10:53,505 INFO PERFORMANCE:|2|6|-1|-1

2023-08-21 14:15:53,510 INFO PERFORMANCE:|2|6|-1|-1

2023-08-21 14:20:53,514 INFO PERFORMANCE:|2|6|-1|-1

2023-08-21 14:25:53,518 INFO PERFORMANCE:|2|6|-1|-1

2023-08-21 14:30:53,525 INFO PERFORMANCE:|2|6|-1|-1

2023-08-21 14:35:53,532 INFO PERFORMANCE:|2|6|-1|-1

2023-08-21 14:40:53,492 INFO PERFORMANCE:|2|6|-1|-1

2023-08-21 14:45:53,493 INFO PERFORMANCE:|2|6|-1|-1

2023-08-21 14:50:53,492 INFO PERFORMANCE:|2|6|-1|-1

2023-08-21 14:55:53,543 INFO PERFORMANCE:|2|6|-1|-1

2023-08-21 15:00:53,548 INFO PERFORMANCE:|2|6|-1|-1

2023-08-21 15:05:53,564 INFO PERFORMANCE:|2|6|-1|-1

2023-08-21 15:10:53,527 INFO PERFORMANCE:|2|6|-1|-1

2023-08-21 15:15:53,530 INFO PERFORMANCE:|2|6|-1|-1

2023-08-21 15:20:53,532 INFO PERFORMANCE:|2|6|-1|-1

2023-08-21 15:25:53,407 INFO PERFORMANCE:|2|6|-1|-1

2023-08-21 15:30:53,400 INFO PERFORMANCE:|2|6|-1|-1

2023-08-21 15:35:53,401 INFO PERFORMANCE:|2|6|-1|-1

2023-08-21 15:40:53,423 INFO PERFORMANCE:|2|6|-1|-1

2023-08-21 15:45:53,422 INFO PERFORMANCE:|2|6|-1|-1

2023-08-21 15:50:53,417 INFO PERFORMANCE:|2|6|-1|-1

2023-08-21 15:55:53,449 INFO PERFORMANCE:|2|6|-1|-1

2023-08-21 16:00:53,449 INFO PERFORMANCE:|2|6|-1|-1

2023-08-21 16:05:53,448 INFO PERFORMANCE:|2|6|-1|-1

2023-08-21 16:10:53,489 INFO PERFORMANCE:|2|6|-1|-1

2023-08-21 16:15:53,491 INFO PERFORMANCE:|2|6|-1|-1

2023-08-21 16:20:53,492 INFO PERFORMANCE:|2|6|-1|-1

2023-08-21 16:25:53,569 INFO PERFORMANCE:|2|6|-1|-1

2023-08-21 16:30:53,578 INFO PERFORMANCE:|2|6|-1|-1

2023-08-21 16:35:53,583 INFO PERFORMANCE:|2|6|-1|-1

2023-08-21 16:40:53,603 INFO PERFORMANCE:|2|6|-1|-1

2023-08-21 16:45:53,611 INFO PERFORMANCE:|2|6|-1|-1

2023-08-21 16:50:53,618 INFO PERFORMANCE:|2|6|-1|-1

2023-08-21 16:55:53,659 INFO PERFORMANCE:|2|6|-1|-1

2023-08-21 17:00:53,669 INFO PERFORMANCE:|2|6|-1|-1

2023-08-21 17:05:53,677 INFO PERFORMANCE:|2|6|-1|-1

2023-08-21 17:10:53,715 INFO PERFORMANCE:|2|6|-1|-1

2023-08-21 17:15:53,726 INFO PERFORMANCE:|2|6|-1|-1

2023-08-21 17:20:53,734 INFO PERFORMANCE:|2|6|-1|-1

2023-08-21 17:25:53,616 INFO PERFORMANCE:|2|6|-1|-1

2023-08-21 17:30:53,618 INFO PERFORMANCE:|2|6|-1|-1

2023-08-21 17:35:53,626 INFO PERFORMANCE:|5|7|-1|-1

2023-08-21 17:40:53,684 INFO PERFORMANCE:|5|7|-1|-1

2023-08-21 17:45:53,688 INFO PERFORMANCE:|5|7|-1|-1

2023-08-21 17:50:53,692 INFO PERFORMANCE:|4|6|-1|-1

2023-08-21 17:55:53,649 INFO PERFORMANCE:|4|6|-1|-1

2023-08-21 18:00:53,652 INFO PERFORMANCE:|5|7|-1|-1

2023-08-21 18:12:23,371 INFO PERFORMANCE:|3|5|-1|-1

2023-08-21 19:17:02,352 INFO PERFORMANCE:|3|5|-1|-1

2023-08-21 19:22:02,339 INFO PERFORMANCE:|3|5|-1|-1

2023-08-21 19:27:02,341 INFO PERFORMANCE:|3|5|-1|-1

2023-08-21 19:32:02,348 INFO PERFORMANCE:|3|5|-1|-1

2023-08-21 19:37:02,356 INFO PERFORMANCE:|3|5|-1|-1

2023-08-21 19:42:02,371 INFO PERFORMANCE:|3|5|-1|-1

2023-08-21 19:47:02,383 INFO PERFORMANCE:|3|5|-1|-1

2023-08-21 19:52:02,394 INFO PERFORMANCE:|3|5|-1|-1

2023-08-21 19:57:02,433 INFO PERFORMANCE:|3|5|-1|-1

2023-08-21 20:02:02,452 INFO PERFORMANCE:|3|5|-1|-1

2023-08-21 20:07:02,464 INFO PERFORMANCE:|5|7|-1|-1

2023-08-21 20:12:02,421 INFO PERFORMANCE:|3|5|-1|-1

2023-08-21 20:17:02,426 INFO PERFORMANCE:|5|7|-1|-1

2023-08-21 20:22:02,429 INFO PERFORMANCE:|5|7|-1|-1

