2023-08-18 16:52:07,937 INFO distro notifier started

2023-08-18 17:28:28,021 INFO [DISTRO-WARN] RecordListener not found, key: com.alibaba.nacos.naming.iplist.ephemeral.dd668135-0bfe-489f-ab2b-24aefb21d156##DEFAULT_GROUP@@bookservice

2023-08-18 17:28:28,022 INFO [DISTRO-WARN] RecordListener not found, key: com.alibaba.nacos.naming.iplist.ephemeral.dd668135-0bfe-489f-ab2b-24aefb21d156##DEFAULT_GROUP@@userservice

2023-08-18 17:50:13,908 ERROR [NACOS-DISTRO] Error while handling notifying task

java.lang.InterruptedException: null
	at java.util.concurrent.locks.AbstractQueuedSynchronizer$ConditionObject.reportInterruptAfterWait(AbstractQueuedSynchronizer.java:2019)
	at java.util.concurrent.locks.AbstractQueuedSynchronizer$ConditionObject.await(AbstractQueuedSynchronizer.java:2053)
	at java.util.concurrent.ArrayBlockingQueue.take(ArrayBlockingQueue.java:403)
	at com.alibaba.nacos.naming.consistency.ephemeral.distro.DistroConsistencyServiceImpl$Notifier.run(DistroConsistencyServiceImpl.java:412)
	at java.util.concurrent.Executors$RunnableAdapter.call(Executors.java:511)
	at java.util.concurrent.FutureTask.run(FutureTask.java:266)
	at java.util.concurrent.ScheduledThreadPoolExecutor$ScheduledFutureTask.access$201(ScheduledThreadPoolExecutor.java:180)
	at java.util.concurrent.ScheduledThreadPoolExecutor$ScheduledFutureTask.run(ScheduledThreadPoolExecutor.java:293)
	at java.util.concurrent.ThreadPoolExecutor.runWorker(ThreadPoolExecutor.java:1149)
	at java.util.concurrent.ThreadPoolExecutor$Worker.run(ThreadPoolExecutor.java:624)
	at java.lang.Thread.run(Thread.java:750)
2023-08-18 17:51:18,216 INFO distro notifier started

2023-08-18 18:21:29,617 INFO [DISTRO-WARN] RecordListener not found, key: com.alibaba.nacos.naming.iplist.ephemeral.dd668135-0bfe-489f-ab2b-24aefb21d156##DEFAULT_GROUP@@bookservice

2023-08-18 18:21:29,618 INFO [DISTRO-WARN] RecordListener not found, key: com.alibaba.nacos.naming.iplist.ephemeral.dd668135-0bfe-489f-ab2b-24aefb21d156##DEFAULT_GROUP@@userservice

2023-08-18 23:21:26,249 INFO distro notifier started

2023-08-21 11:11:19,823 INFO distro notifier started

2023-08-21 11:11:35,885 ERROR [NACOS-DISTRO] Error while handling notifying task

java.lang.InterruptedException: null
	at java.util.concurrent.locks.AbstractQueuedSynchronizer$ConditionObject.reportInterruptAfterWait(AbstractQueuedSynchronizer.java:2019)
	at java.util.concurrent.locks.AbstractQueuedSynchronizer$ConditionObject.await(AbstractQueuedSynchronizer.java:2053)
	at java.util.concurrent.ArrayBlockingQueue.take(ArrayBlockingQueue.java:403)
	at com.alibaba.nacos.naming.consistency.ephemeral.distro.DistroConsistencyServiceImpl$Notifier.run(DistroConsistencyServiceImpl.java:412)
	at java.util.concurrent.Executors$RunnableAdapter.call(Executors.java:511)
	at java.util.concurrent.FutureTask.run(FutureTask.java:266)
	at java.util.concurrent.ScheduledThreadPoolExecutor$ScheduledFutureTask.access$201(ScheduledThreadPoolExecutor.java:180)
	at java.util.concurrent.ScheduledThreadPoolExecutor$ScheduledFutureTask.run(ScheduledThreadPoolExecutor.java:293)
	at java.util.concurrent.ThreadPoolExecutor.runWorker(ThreadPoolExecutor.java:1149)
	at java.util.concurrent.ThreadPoolExecutor$Worker.run(ThreadPoolExecutor.java:624)
	at java.lang.Thread.run(Thread.java:750)
2023-08-21 11:20:22,814 INFO distro notifier started

2023-08-21 17:31:40,073 INFO [DISTRO-WARN] RecordListener not found, key: com.alibaba.nacos.naming.iplist.ephemeral.public##DEFAULT_GROUP@@borrowservice

2023-08-21 18:03:42,889 INFO [DISTRO-WARN] RecordListener not found, key: com.alibaba.nacos.naming.iplist.ephemeral.public##DEFAULT_GROUP@@borrowservice

2023-08-21 18:03:42,889 INFO [DISTRO-WARN] RecordListener not found, key: com.alibaba.nacos.naming.iplist.ephemeral.public##DEFAULT_GROUP@@userservice

2023-08-21 20:10:21,612 INFO [DISTRO-WARN] RecordListener not found, key: com.alibaba.nacos.naming.iplist.ephemeral.public##DEFAULT_GROUP@@borrowservice

2023-08-21 20:10:21,622 INFO [DISTRO-WARN] RecordListener not found, key: com.alibaba.nacos.naming.iplist.ephemeral.public##DEFAULT_GROUP@@userservice

